<?xml version="1.0" encoding="UTF-8"?>
<!-- Generated by org.testng.reporters.JUnitReportReporter -->
<testsuite hostname="RSIN-AshishGL14" failures="0" tests="1" name="quickstart.Tests.DemoTest" time="21.942" errors="0" timestamp="2022-11-29T19:14:16 IST" skipped="0">
  <testcase classname="quickstart.Tests.DemoTest" name="Booking" time="21.942"/>
  <system-out/>
</testsuite> <!-- quickstart.Tests.DemoTest -->
